# JRE version: OpenJDK Runtime Environment (8.0_202) (build 1.8.0_202-release-1483-b49-5587405)
# Java VM: OpenJDK 64-Bit Server VM (25.202-b49-5587405 mixed mode linux-amd64 compressed oops)
Heap:
 PSYoungGen      total 216576K, used 24056K [0x00000000e0000000, 0x00000000f1e00000, 0x0000000100000000)
  eden space 192512K, 0% used [0x00000000e0000000,0x00000000e0000000,0x00000000ebc00000)
  from space 24064K, 99% used [0x00000000f0680000,0x00000000f1dfe210,0x00000000f1e00000)
  to   space 22528K, 0% used [0x00000000ebc00000,0x00000000ebc00000,0x00000000ed200000)
 ParOldGen       total 131584K, used 66225K [0x00000000a0000000, 0x00000000a8080000, 0x00000000e0000000)
  object space 131584K, 50% used [0x00000000a0000000,0x00000000a40ac680,0x00000000a8080000)
 Metaspace       used 62375K, capacity 64380K, committed 64512K, reserved 1105920K
  class space    used 8445K, capacity 8924K, committed 8960K, reserved 1048576K
GC Heap History (10 events):
Event: 10.942 GC heap after
Heap after GC invocations=10 (full 2):
 PSYoungGen      total 161280K, used 0K [0x00000000e0000000, 0x00000000ed980000, 0x0000000100000000)
  eden space 148480K, 0% used [0x00000000e0000000,0x00000000e0000000,0x00000000e9100000)
  from space 12800K, 0% used [0x00000000e9e80000,0x00000000e9e80000,0x00000000eab00000)
  to   space 13824K, 0% used [0x00000000e9100000,0x00000000e9100000,0x00000000e9e80000)
 ParOldGen       total 88064K, used 17840K [0x00000000a0000000, 0x00000000a5600000, 0x00000000e0000000)
  object space 88064K, 20% used [0x00000000a0000000,0x00000000a116c118,0x00000000a5600000)
 Metaspace       used 34759K, capacity 35374K, committed 35456K, reserved 1079296K
  class space    used 4779K, capacity 4958K, committed 4992K, reserved 1048576K
}
Event: 13.811 GC heap before
{Heap before GC invocations=11 (full 2):
 PSYoungGen      total 161280K, used 148480K [0x00000000e0000000, 0x00000000ed980000, 0x0000000100000000)
  eden space 148480K, 100% used [0x00000000e0000000,0x00000000e9100000,0x00000000e9100000)
  from space 12800K, 0% used [0x00000000e9e80000,0x00000000e9e80000,0x00000000eab00000)
  to   space 13824K, 0% used [0x00000000e9100000,0x00000000e9100000,0x00000000e9e80000)
 ParOldGen       total 88064K, used 17840K [0x00000000a0000000, 0x00000000a5600000, 0x00000000e0000000)
  object space 88064K, 20% used [0x00000000a0000000,0x00000000a116c118,0x00000000a5600000)
 Metaspace       used 48164K, capacity 49422K, committed 49664K, reserved 1091584K
  class space    used 6522K, capacity 6854K, committed 6912K, reserved 1048576K
Event: 13.871 GC heap after
Heap after GC invocations=11 (full 2):
 PSYoungGen      total 162304K, used 13805K [0x00000000e0000000, 0x00000000ee300000, 0x0000000100000000)
  eden space 148480K, 0% used [0x00000000e0000000,0x00000000e0000000,0x00000000e9100000)
  from space 13824K, 99% used [0x00000000e9100000,0x00000000e9e7b408,0x00000000e9e80000)
  to   space 17408K, 0% used [0x00000000ed200000,0x00000000ed200000,0x00000000ee300000)
 ParOldGen       total 88064K, used 22374K [0x00000000a0000000, 0x00000000a5600000, 0x00000000e0000000)
  object space 88064K, 25% used [0x00000000a0000000,0x00000000a15d98f0,0x00000000a5600000)
 Metaspace       used 48164K, capacity 49422K, committed 49664K, reserved 1091584K
  class space    used 6522K, capacity 6854K, committed 6912K, reserved 1048576K
}
Event: 17.056 GC heap before
{Heap before GC invocations=12 (full 2):
 PSYoungGen      total 162304K, used 158343K [0x00000000e0000000, 0x00000000ee300000, 0x0000000100000000)
  eden space 148480K, 97% used [0x00000000e0000000,0x00000000e8d26a30,0x00000000e9100000)
  from space 13824K, 99% used [0x00000000e9100000,0x00000000e9e7b408,0x00000000e9e80000)
  to   space 17408K, 0% used [0x00000000ed200000,0x00000000ed200000,0x00000000ee300000)
 ParOldGen       total 88064K, used 22374K [0x00000000a0000000, 0x00000000a5600000, 0x00000000e0000000)
  object space 88064K, 25% used [0x00000000a0000000,0x00000000a15d98f0,0x00000000a5600000)
 Metaspace       used 57412K, capacity 58992K, committed 59096K, reserved 1099776K
  class space    used 7825K, capacity 8232K, committed 8320K, reserved 1048576K
Event: 17.091 GC heap after
Heap after GC invocations=12 (full 2):
 PSYoungGen      total 209920K, used 17397K [0x00000000e0000000, 0x00000000eea80000, 0x0000000100000000)
  eden space 192512K, 0% used [0x00000000e0000000,0x00000000e0000000,0x00000000ebc00000)
  from space 17408K, 99% used [0x00000000ed200000,0x00000000ee2fd7e0,0x00000000ee300000)
  to   space 22528K, 0% used [0x00000000ebc00000,0x00000000ebc00000,0x00000000ed200000)
 ParOldGen       total 88064K, used 29540K [0x00000000a0000000, 0x00000000a5600000, 0x00000000e0000000)
  object space 88064K, 33% used [0x00000000a0000000,0x00000000a1cd92a8,0x00000000a5600000)
 Metaspace       used 57412K, capacity 58992K, committed 59096K, reserved 1099776K
  class space    used 7825K, capacity 8232K, committed 8320K, reserved 1048576K
}
Event: 17.091 GC heap before
{Heap before GC invocations=13 (full 3):
 PSYoungGen      total 209920K, used 17397K [0x00000000e0000000, 0x00000000eea80000, 0x0000000100000000)
  eden space 192512K, 0% used [0x00000000e0000000,0x00000000e0000000,0x00000000ebc00000)
  from space 17408K, 99% used [0x00000000ed200000,0x00000000ee2fd7e0,0x00000000ee300000)
  to   space 22528K, 0% used [0x00000000ebc00000,0x00000000ebc00000,0x00000000ed200000)
 ParOldGen       total 88064K, used 29540K [0x00000000a0000000, 0x00000000a5600000, 0x00000000e0000000)
  object space 88064K, 33% used [0x00000000a0000000,0x00000000a1cd92a8,0x00000000a5600000)
 Metaspace       used 57412K, capacity 58992K, committed 59096K, reserved 1099776K
  class space    used 7825K, capacity 8232K, committed 8320K, reserved 1048576K
Event: 17.248 GC heap after
Heap after GC invocations=13 (full 3):
 PSYoungGen      total 209920K, used 0K [0x00000000e0000000, 0x00000000eea80000, 0x0000000100000000)
  eden space 192512K, 0% used [0x00000000e0000000,0x00000000e0000000,0x00000000ebc00000)
  from space 17408K, 0% used [0x00000000ed200000,0x00000000ed200000,0x00000000ee300000)
  to   space 22528K, 0% used [0x00000000ebc00000,0x00000000ebc00000,0x00000000ed200000)
 ParOldGen       total 131584K, used 37926K [0x00000000a0000000, 0x00000000a8080000, 0x00000000e0000000)
  object space 131584K, 28% used [0x00000000a0000000,0x00000000a2509890,0x00000000a8080000)
 Metaspace       used 57412K, capacity 58992K, committed 59096K, reserved 1099776K
  class space    used 7825K, capacity 8232K, committed 8320K, reserved 1048576K
}
Event: 22.177 GC heap before
{Heap before GC invocations=14 (full 3):
 PSYoungGen      total 209920K, used 192512K [0x00000000e0000000, 0x00000000eea80000, 0x0000000100000000)
  eden space 192512K, 100% used [0x00000000e0000000,0x00000000ebc00000,0x00000000ebc00000)
  from space 17408K, 0% used [0x00000000ed200000,0x00000000ed200000,0x00000000ee300000)
  to   space 22528K, 0% used [0x00000000ebc00000,0x00000000ebc00000,0x00000000ed200000)
 ParOldGen       total 131584K, used 37926K [0x00000000a0000000, 0x00000000a8080000, 0x00000000e0000000)
  object space 131584K, 28% used [0x00000000a0000000,0x00000000a2509890,0x00000000a8080000)
 Metaspace       used 60558K, capacity 62548K, committed 62848K, reserved 1103872K
  class space    used 8251K, capacity 8708K, committed 8832K, reserved 1048576K
Event: 22.234 GC heap after
Heap after GC invocations=14 (full 3):
 PSYoungGen      total 215040K, used 19192K [0x00000000e0000000, 0x00000000f1e00000, 0x0000000100000000)
  eden space 192512K, 0% used [0x00000000e0000000,0x00000000e0000000,0x00000000ebc00000)
  from space 22528K, 85% used [0x00000000ebc00000,0x00000000ecebe3d0,0x00000000ed200000)
  to   space 24064K, 0% used [0x00000000f0680000,0x00000000f0680000,0x00000000f1e00000)
 ParOldGen       total 131584K, used 37934K [0x00000000a0000000, 0x00000000a8080000, 0x00000000e0000000)
  object space 131584K, 28% used [0x00000000a0000000,0x00000000a250b890,0x00000000a8080000)
 Metaspace       used 60558K, capacity 62548K, committed 62848K, reserved 1103872K
  class space    used 8251K, capacity 8708K, committed 8832K, reserved 1048576K
}
Event: 32.362 GC heap before
{Heap before GC invocations=15 (full 3):
 PSYoungGen      total 215040K, used 211704K [0x00000000e0000000, 0x00000000f1e00000, 0x0000000100000000)
  eden space 192512K, 100% used [0x00000000e0000000,0x00000000ebc00000,0x00000000ebc00000)
  from space 22528K, 85% used [0x00000000ebc00000,0x00000000ecebe3d0,0x00000000ed200000)
  to   space 24064K, 0% used [0x00000000f0680000,0x00000000f0680000,0x00000000f1e00000)
 ParOldGen       total 131584K, used 37934K [0x00000000a0000000, 0x00000000a8080000, 0x00000000e0000000)
  object space 131584K, 28% used [0x00000000a0000000,0x00000000a250b890,0x00000000a8080000)
 Metaspace       used 62375K, capacity 64380K, committed 64512K, reserved 1105920K
  class space    used 8445K, capacity 8924K, committed 8960K, reserved 1048576K

