# JRE version: OpenJDK Runtime Environment (8.0_202) (build 1.8.0_202-release-1483-b49-5587405)
# Java VM: OpenJDK 64-Bit Server VM (25.202-b49-5587405 mixed mode linux-amd64 compressed oops)
Heap:
 PSYoungGen      total 420352K, used 0K [0x00000000e0000000, 0x0000000100000000, 0x0000000100000000)
  eden space 316416K, 0% used [0x00000000e0000000,0x00000000e0000000,0x00000000f3500000)
  from space 103936K, 0% used [0x00000000f3500000,0x00000000f3500000,0x00000000f9a80000)
  to   space 103936K, 0% used [0x00000000f9a80000,0x00000000f9a80000,0x0000000100000000)
 ParOldGen       total 313344K, used 231775K [0x00000000a0000000, 0x00000000b3200000, 0x00000000e0000000)
  object space 313344K, 73% used [0x00000000a0000000,0x00000000ae257eb0,0x00000000b3200000)
 Metaspace       used 144385K, capacity 151328K, committed 152536K, reserved 1181696K
  class space    used 18375K, capacity 19702K, committed 19968K, reserved 1048576K
GC Heap History (10 events):
Event: 9073.565 GC heap after
Heap after GC invocations=38 (full 5):
 PSYoungGen      total 429056K, used 39278K [0x00000000e0000000, 0x00000000ff800000, 0x0000000100000000)
  eden space 338432K, 0% used [0x00000000e0000000,0x00000000e0000000,0x00000000f4a80000)
  from space 90624K, 43% used [0x00000000f4a80000,0x00000000f70db860,0x00000000fa300000)
  to   space 86016K, 0% used [0x00000000fa400000,0x00000000fa400000,0x00000000ff800000)
 ParOldGen       total 313344K, used 230862K [0x00000000a0000000, 0x00000000b3200000, 0x00000000e0000000)
  object space 313344K, 73% used [0x00000000a0000000,0x00000000ae173a98,0x00000000b3200000)
 Metaspace       used 131528K, capacity 137766K, committed 138072K, reserved 1169408K
  class space    used 16745K, capacity 17949K, committed 18048K, reserved 1048576K
}
Event: 9248.875 GC heap before
{Heap before GC invocations=39 (full 5):
 PSYoungGen      total 429056K, used 374415K [0x00000000e0000000, 0x00000000ff800000, 0x0000000100000000)
  eden space 338432K, 99% used [0x00000000e0000000,0x00000000f47485a0,0x00000000f4a80000)
  from space 90624K, 43% used [0x00000000f4a80000,0x00000000f70db860,0x00000000fa300000)
  to   space 86016K, 0% used [0x00000000fa400000,0x00000000fa400000,0x00000000ff800000)
 ParOldGen       total 313344K, used 230862K [0x00000000a0000000, 0x00000000b3200000, 0x00000000e0000000)
  object space 313344K, 73% used [0x00000000a0000000,0x00000000ae173a98,0x00000000b3200000)
 Metaspace       used 136679K, capacity 143224K, committed 143448K, reserved 1173504K
  class space    used 17289K, capacity 18558K, committed 18560K, reserved 1048576K
Event: 9248.953 GC heap after
Heap after GC invocations=39 (full 5):
 PSYoungGen      total 416768K, used 82575K [0x00000000e0000000, 0x0000000100000000, 0x0000000100000000)
  eden space 330752K, 0% used [0x00000000e0000000,0x00000000e0000000,0x00000000f4300000)
  from space 86016K, 96% used [0x00000000fa400000,0x00000000ff4a3eb8,0x00000000ff800000)
  to   space 96768K, 0% used [0x00000000f4300000,0x00000000f4300000,0x00000000fa180000)
 ParOldGen       total 313344K, used 230870K [0x00000000a0000000, 0x00000000b3200000, 0x00000000e0000000)
  object space 313344K, 73% used [0x00000000a0000000,0x00000000ae175a98,0x00000000b3200000)
 Metaspace       used 136679K, capacity 143224K, committed 143448K, reserved 1173504K
  class space    used 17289K, capacity 18558K, committed 18560K, reserved 1048576K
}
Event: 9381.708 GC heap before
{Heap before GC invocations=40 (full 5):
 PSYoungGen      total 416768K, used 413327K [0x00000000e0000000, 0x0000000100000000, 0x0000000100000000)
  eden space 330752K, 100% used [0x00000000e0000000,0x00000000f4300000,0x00000000f4300000)
  from space 86016K, 96% used [0x00000000fa400000,0x00000000ff4a3eb8,0x00000000ff800000)
  to   space 96768K, 0% used [0x00000000f4300000,0x00000000f4300000,0x00000000fa180000)
 ParOldGen       total 313344K, used 230870K [0x00000000a0000000, 0x00000000b3200000, 0x00000000e0000000)
  object space 313344K, 73% used [0x00000000a0000000,0x00000000ae175a98,0x00000000b3200000)
 Metaspace       used 136866K, capacity 143476K, committed 143832K, reserved 1175552K
  class space    used 17294K, capacity 18566K, committed 18688K, reserved 1048576K
Event: 9381.818 GC heap after
Heap after GC invocations=40 (full 5):
 PSYoungGen      total 427520K, used 52240K [0x00000000e0000000, 0x0000000100000000, 0x0000000100000000)
  eden space 330752K, 0% used [0x00000000e0000000,0x00000000e0000000,0x00000000f4300000)
  from space 96768K, 53% used [0x00000000f4300000,0x00000000f7604020,0x00000000fa180000)
  to   space 94208K, 0% used [0x00000000fa400000,0x00000000fa400000,0x0000000100000000)
 ParOldGen       total 313344K, used 230870K [0x00000000a0000000, 0x00000000b3200000, 0x00000000e0000000)
  object space 313344K, 73% used [0x00000000a0000000,0x00000000ae175a98,0x00000000b3200000)
 Metaspace       used 136866K, capacity 143476K, committed 143832K, reserved 1175552K
  class space    used 17294K, capacity 18566K, committed 18688K, reserved 1048576K
}
Event: 9384.579 GC heap before
{Heap before GC invocations=41 (full 5):
 PSYoungGen      total 427520K, used 382992K [0x00000000e0000000, 0x0000000100000000, 0x0000000100000000)
  eden space 330752K, 100% used [0x00000000e0000000,0x00000000f4300000,0x00000000f4300000)
  from space 96768K, 53% used [0x00000000f4300000,0x00000000f7604020,0x00000000fa180000)
  to   space 94208K, 0% used [0x00000000fa400000,0x00000000fa400000,0x0000000100000000)
 ParOldGen       total 313344K, used 230870K [0x00000000a0000000, 0x00000000b3200000, 0x00000000e0000000)
  object space 313344K, 73% used [0x00000000a0000000,0x00000000ae175a98,0x00000000b3200000)
 Metaspace       used 142465K, capacity 149440K, committed 149592K, reserved 1179648K
  class space    used 18125K, capacity 19458K, committed 19584K, reserved 1048576K
Event: 9384.671 GC heap after
Heap after GC invocations=41 (full 5):
 PSYoungGen      total 410624K, used 83672K [0x00000000e0000000, 0x0000000100000000, 0x0000000100000000)
  eden space 316416K, 0% used [0x00000000e0000000,0x00000000e0000000,0x00000000f3500000)
  from space 94208K, 88% used [0x00000000fa400000,0x00000000ff5b63d0,0x0000000100000000)
  to   space 103936K, 0% used [0x00000000f3500000,0x00000000f3500000,0x00000000f9a80000)
 ParOldGen       total 313344K, used 230878K [0x00000000a0000000, 0x00000000b3200000, 0x00000000e0000000)
  object space 313344K, 73% used [0x00000000a0000000,0x00000000ae177a98,0x00000000b3200000)
 Metaspace       used 142465K, capacity 149440K, committed 149592K, reserved 1179648K
  class space    used 18125K, capacity 19458K, committed 19584K, reserved 1048576K
}
Event: 9388.530 GC heap before
{Heap before GC invocations=42 (full 5):
 PSYoungGen      total 410624K, used 400088K [0x00000000e0000000, 0x0000000100000000, 0x0000000100000000)
  eden space 316416K, 100% used [0x00000000e0000000,0x00000000f3500000,0x00000000f3500000)
  from space 94208K, 88% used [0x00000000fa400000,0x00000000ff5b63d0,0x0000000100000000)
  to   space 103936K, 0% used [0x00000000f3500000,0x00000000f3500000,0x00000000f9a80000)
 ParOldGen       total 313344K, used 230878K [0x00000000a0000000, 0x00000000b3200000, 0x00000000e0000000)
  object space 313344K, 73% used [0x00000000a0000000,0x00000000ae177a98,0x00000000b3200000)
 Metaspace       used 144875K, capacity 152284K, committed 152536K, reserved 1181696K
  class space    used 18462K, capacity 19864K, committed 19968K, reserved 1048576K
Event: 9389.045 GC heap after
Heap after GC invocations=42 (full 5):
 PSYoungGen      total 420352K, used 103927K [0x00000000e0000000, 0x0000000100000000, 0x0000000100000000)
  eden space 316416K, 0% used [0x00000000e0000000,0x00000000e0000000,0x00000000f3500000)
  from space 103936K, 99% used [0x00000000f3500000,0x00000000f9a7de40,0x00000000f9a80000)
  to   space 103936K, 0% used [0x00000000f9a80000,0x00000000f9a80000,0x0000000100000000)
 ParOldGen       total 313344K, used 274969K [0x00000000a0000000, 0x00000000b3200000, 0x00000000e0000000)
  object space 313344K, 87% used [0x00000000a0000000,0x00000000b0c86530,0x00000000b3200000)
 Metaspace       used 144875K, capacity 152284K, committed 152536K, reserved 1181696K
  class space    used 18462K, capacity 19864K, committed 19968K, reserved 1048576K
}
Event: 9389.136 GC heap before
{Heap before GC invocations=43 (full 6):
 PSYoungGen      total 420352K, used 103927K [0x00000000e0000000, 0x0000000100000000, 0x0000000100000000)
  eden space 316416K, 0% used [0x00000000e0000000,0x00000000e0000000,0x00000000f3500000)
  from space 103936K, 99% used [0x00000000f3500000,0x00000000f9a7de40,0x00000000f9a80000)
  to   space 103936K, 0% used [0x00000000f9a80000,0x00000000f9a80000,0x0000000100000000)
 ParOldGen       total 313344K, used 274969K [0x00000000a0000000, 0x00000000b3200000, 0x00000000e0000000)
  object space 313344K, 87% used [0x00000000a0000000,0x00000000b0c86530,0x00000000b3200000)
 Metaspace       used 144875K, capacity 152284K, committed 152536K, reserved 1181696K
  class space    used 18462K, capacity 19864K, committed 19968K, reserved 1048576K

