# JRE version: OpenJDK Runtime Environment (8.0_202) (build 1.8.0_202-release-1483-b49-5587405)
# Java VM: OpenJDK 64-Bit Server VM (25.202-b49-5587405 mixed mode linux-amd64 compressed oops)
Heap:
 PSYoungGen      total 396800K, used 0K [0x00000000e0000000, 0x0000000100000000, 0x0000000100000000)
  eden space 285184K, 0% used [0x00000000e0000000,0x00000000e0000000,0x00000000f1680000)
  from space 111616K, 0% used [0x00000000f1680000,0x00000000f1680000,0x00000000f8380000)
  to   space 118784K, 0% used [0x00000000f8c00000,0x00000000f8c00000,0x0000000100000000)
 ParOldGen       total 326656K, used 249904K [0x00000000a0000000, 0x00000000b3f00000, 0x00000000e0000000)
  object space 326656K, 76% used [0x00000000a0000000,0x00000000af40c188,0x00000000b3f00000)
 Metaspace       used 208378K, capacity 220718K, committed 221132K, reserved 1241088K
  class space    used 26828K, capacity 29035K, committed 29184K, reserved 1048576K
GC Heap History (10 events):
Event: 5302.474 GC heap after
Heap after GC invocations=67 (full 6):
 PSYoungGen      total 389120K, used 91814K [0x00000000e0000000, 0x0000000100000000, 0x0000000100000000)
  eden space 274944K, 0% used [0x00000000e0000000,0x00000000e0000000,0x00000000f0c80000)
  from space 114176K, 80% used [0x00000000f0c80000,0x00000000f66299b8,0x00000000f7c00000)
  to   space 125952K, 0% used [0x00000000f8500000,0x00000000f8500000,0x0000000100000000)
 ParOldGen       total 326656K, used 191206K [0x00000000a0000000, 0x00000000b3f00000, 0x00000000e0000000)
  object space 326656K, 58% used [0x00000000a0000000,0x00000000abab9b80,0x00000000b3f00000)
 Metaspace       used 202562K, capacity 214556K, committed 214732K, reserved 1234944K
  class space    used 26289K, capacity 28416K, committed 28416K, reserved 1048576K
}
Event: 5304.525 GC heap before
{Heap before GC invocations=68 (full 6):
 PSYoungGen      total 389120K, used 364783K [0x00000000e0000000, 0x0000000100000000, 0x0000000100000000)
  eden space 274944K, 99% used [0x00000000e0000000,0x00000000f0a92540,0x00000000f0c80000)
  from space 114176K, 80% used [0x00000000f0c80000,0x00000000f66299b8,0x00000000f7c00000)
  to   space 125952K, 0% used [0x00000000f8500000,0x00000000f8500000,0x0000000100000000)
 ParOldGen       total 326656K, used 191206K [0x00000000a0000000, 0x00000000b3f00000, 0x00000000e0000000)
  object space 326656K, 58% used [0x00000000a0000000,0x00000000abab9b80,0x00000000b3f00000)
 Metaspace       used 203868K, capacity 215956K, committed 216268K, reserved 1236992K
  class space    used 26417K, capacity 28592K, committed 28672K, reserved 1048576K
Event: 5304.597 GC heap after
Heap after GC invocations=68 (full 6):
 PSYoungGen      total 403968K, used 30807K [0x00000000e0000000, 0x0000000100000000, 0x0000000100000000)
  eden space 278016K, 0% used [0x00000000e0000000,0x00000000e0000000,0x00000000f0f80000)
  from space 125952K, 24% used [0x00000000f8500000,0x00000000fa315fe0,0x0000000100000000)
  to   space 120320K, 0% used [0x00000000f0f80000,0x00000000f0f80000,0x00000000f8500000)
 ParOldGen       total 326656K, used 251822K [0x00000000a0000000, 0x00000000b3f00000, 0x00000000e0000000)
  object space 326656K, 77% used [0x00000000a0000000,0x00000000af5eb830,0x00000000b3f00000)
 Metaspace       used 203868K, capacity 215956K, committed 216268K, reserved 1236992K
  class space    used 26417K, capacity 28592K, committed 28672K, reserved 1048576K
}
Event: 5554.207 GC heap before
{Heap before GC invocations=69 (full 6):
 PSYoungGen      total 403968K, used 308823K [0x00000000e0000000, 0x0000000100000000, 0x0000000100000000)
  eden space 278016K, 100% used [0x00000000e0000000,0x00000000f0f80000,0x00000000f0f80000)
  from space 125952K, 24% used [0x00000000f8500000,0x00000000fa315fe0,0x0000000100000000)
  to   space 120320K, 0% used [0x00000000f0f80000,0x00000000f0f80000,0x00000000f8500000)
 ParOldGen       total 326656K, used 251822K [0x00000000a0000000, 0x00000000b3f00000, 0x00000000e0000000)
  object space 326656K, 77% used [0x00000000a0000000,0x00000000af5eb830,0x00000000b3f00000)
 Metaspace       used 208029K, capacity 220384K, committed 220492K, reserved 1241088K
  class space    used 26825K, capacity 29026K, committed 29056K, reserved 1048576K
Event: 5554.277 GC heap after
Heap after GC invocations=69 (full 6):
 PSYoungGen      total 285696K, used 7563K [0x00000000e0000000, 0x00000000ff780000, 0x0000000100000000)
  eden space 278016K, 0% used [0x00000000e0000000,0x00000000e0000000,0x00000000f0f80000)
  from space 7680K, 98% used [0x00000000f0f80000,0x00000000f16e2fc0,0x00000000f1700000)
  to   space 118784K, 0% used [0x00000000f8380000,0x00000000f8380000,0x00000000ff780000)
 ParOldGen       total 326656K, used 273006K [0x00000000a0000000, 0x00000000b3f00000, 0x00000000e0000000)
  object space 326656K, 83% used [0x00000000a0000000,0x00000000b0a9b8a0,0x00000000b3f00000)
 Metaspace       used 208029K, capacity 220384K, committed 220492K, reserved 1241088K
  class space    used 26825K, capacity 29026K, committed 29056K, reserved 1048576K
}
Event: 5556.405 GC heap before
{Heap before GC invocations=70 (full 6):
 PSYoungGen      total 285696K, used 285579K [0x00000000e0000000, 0x00000000ff780000, 0x0000000100000000)
  eden space 278016K, 100% used [0x00000000e0000000,0x00000000f0f80000,0x00000000f0f80000)
  from space 7680K, 98% used [0x00000000f0f80000,0x00000000f16e2fc0,0x00000000f1700000)
  to   space 118784K, 0% used [0x00000000f8380000,0x00000000f8380000,0x00000000ff780000)
 ParOldGen       total 326656K, used 273006K [0x00000000a0000000, 0x00000000b3f00000, 0x00000000e0000000)
  object space 326656K, 83% used [0x00000000a0000000,0x00000000b0a9b8a0,0x00000000b3f00000)
 Metaspace       used 208192K, capacity 220562K, committed 220876K, reserved 1241088K
  class space    used 26842K, capacity 29061K, committed 29184K, reserved 1048576K
Event: 5556.461 GC heap after
Heap after GC invocations=70 (full 6):
 PSYoungGen      total 403968K, used 41723K [0x00000000e0000000, 0x0000000100000000, 0x0000000100000000)
  eden space 285184K, 0% used [0x00000000e0000000,0x00000000e0000000,0x00000000f1680000)
  from space 118784K, 35% used [0x00000000f8380000,0x00000000fac3ecc0,0x00000000ff780000)
  to   space 111616K, 0% used [0x00000000f1680000,0x00000000f1680000,0x00000000f8380000)
 ParOldGen       total 326656K, used 276753K [0x00000000a0000000, 0x00000000b3f00000, 0x00000000e0000000)
  object space 326656K, 84% used [0x00000000a0000000,0x00000000b0e445b8,0x00000000b3f00000)
 Metaspace       used 208192K, capacity 220562K, committed 220876K, reserved 1241088K
  class space    used 26842K, capacity 29061K, committed 29184K, reserved 1048576K
}
Event: 5558.284 GC heap before
{Heap before GC invocations=71 (full 6):
 PSYoungGen      total 403968K, used 326907K [0x00000000e0000000, 0x0000000100000000, 0x0000000100000000)
  eden space 285184K, 100% used [0x00000000e0000000,0x00000000f1680000,0x00000000f1680000)
  from space 118784K, 35% used [0x00000000f8380000,0x00000000fac3ecc0,0x00000000ff780000)
  to   space 111616K, 0% used [0x00000000f1680000,0x00000000f1680000,0x00000000f8380000)
 ParOldGen       total 326656K, used 276753K [0x00000000a0000000, 0x00000000b3f00000, 0x00000000e0000000)
  object space 326656K, 84% used [0x00000000a0000000,0x00000000b0e445b8,0x00000000b3f00000)
 Metaspace       used 208430K, capacity 220864K, committed 221132K, reserved 1241088K
  class space    used 26847K, capacity 29068K, committed 29184K, reserved 1048576K
Event: 5558.517 GC heap after
Heap after GC invocations=71 (full 6):
 PSYoungGen      total 396800K, used 79223K [0x00000000e0000000, 0x0000000100000000, 0x0000000100000000)
  eden space 285184K, 0% used [0x00000000e0000000,0x00000000e0000000,0x00000000f1680000)
  from space 111616K, 70% used [0x00000000f1680000,0x00000000f63dde48,0x00000000f8380000)
  to   space 118784K, 0% used [0x00000000f8c00000,0x00000000f8c00000,0x0000000100000000)
 ParOldGen       total 326656K, used 286411K [0x00000000a0000000, 0x00000000b3f00000, 0x00000000e0000000)
  object space 326656K, 87% used [0x00000000a0000000,0x00000000b17b2da8,0x00000000b3f00000)
 Metaspace       used 208430K, capacity 220864K, committed 221132K, reserved 1241088K
  class space    used 26847K, capacity 29068K, committed 29184K, reserved 1048576K
}
Event: 5558.517 GC heap before
{Heap before GC invocations=72 (full 7):
 PSYoungGen      total 396800K, used 79223K [0x00000000e0000000, 0x0000000100000000, 0x0000000100000000)
  eden space 285184K, 0% used [0x00000000e0000000,0x00000000e0000000,0x00000000f1680000)
  from space 111616K, 70% used [0x00000000f1680000,0x00000000f63dde48,0x00000000f8380000)
  to   space 118784K, 0% used [0x00000000f8c00000,0x00000000f8c00000,0x0000000100000000)
 ParOldGen       total 326656K, used 286411K [0x00000000a0000000, 0x00000000b3f00000, 0x00000000e0000000)
  object space 326656K, 87% used [0x00000000a0000000,0x00000000b17b2da8,0x00000000b3f00000)
 Metaspace       used 208430K, capacity 220864K, committed 221132K, reserved 1241088K
  class space    used 26847K, capacity 29068K, committed 29184K, reserved 1048576K

