# JRE version: OpenJDK Runtime Environment (8.0_202) (build 1.8.0_202-release-1483-b49-5587405)
# Java VM: OpenJDK 64-Bit Server VM (25.202-b49-5587405 mixed mode linux-amd64 compressed oops)
Heap:
 PSYoungGen      total 215040K, used 8089K [0x00000000e0000000, 0x00000000eeb00000, 0x0000000100000000)
  eden space 192512K, 0% used [0x00000000e0000000,0x00000000e0000000,0x00000000ebc00000)
  from space 22528K, 35% used [0x00000000ebc00000,0x00000000ec3e64c0,0x00000000ed200000)
  to   space 17408K, 0% used [0x00000000ed200000,0x00000000ed200000,0x00000000ee300000)
 ParOldGen       total 86528K, used 38283K [0x00000000a0000000, 0x00000000a5480000, 0x00000000e0000000)
  object space 86528K, 44% used [0x00000000a0000000,0x00000000a2562dc0,0x00000000a5480000)
 Metaspace       used 57430K, capacity 58994K, committed 59096K, reserved 1099776K
  class space    used 7831K, capacity 8235K, committed 8320K, reserved 1048576K
GC Heap History (10 events):
Event: 5.439 GC heap after
Heap after GC invocations=8 (full 1):
 PSYoungGen      total 134656K, used 11454K [0x00000000e0000000, 0x00000000ea980000, 0x0000000100000000)
  eden space 122880K, 0% used [0x00000000e0000000,0x00000000e0000000,0x00000000e7800000)
  from space 11776K, 97% used [0x00000000e7800000,0x00000000e832fb88,0x00000000e8380000)
  to   space 13312K, 0% used [0x00000000e9c80000,0x00000000e9c80000,0x00000000ea980000)
 ParOldGen       total 62976K, used 10746K [0x00000000a0000000, 0x00000000a3d80000, 0x00000000e0000000)
  object space 62976K, 17% used [0x00000000a0000000,0x00000000a0a7e840,0x00000000a3d80000)
 Metaspace       used 33728K, capacity 34318K, committed 34560K, reserved 1079296K
  class space    used 4657K, capacity 4840K, committed 4864K, reserved 1048576K
}
Event: 5.953 GC heap before
{Heap before GC invocations=9 (full 1):
 PSYoungGen      total 134656K, used 37126K [0x00000000e0000000, 0x00000000ea980000, 0x0000000100000000)
  eden space 122880K, 20% used [0x00000000e0000000,0x00000000e1911d98,0x00000000e7800000)
  from space 11776K, 97% used [0x00000000e7800000,0x00000000e832fb88,0x00000000e8380000)
  to   space 13312K, 0% used [0x00000000e9c80000,0x00000000e9c80000,0x00000000ea980000)
 ParOldGen       total 62976K, used 10746K [0x00000000a0000000, 0x00000000a3d80000, 0x00000000e0000000)
  object space 62976K, 17% used [0x00000000a0000000,0x00000000a0a7e840,0x00000000a3d80000)
 Metaspace       used 34696K, capacity 35406K, committed 35456K, reserved 1079296K
  class space    used 4776K, capacity 4990K, committed 4992K, reserved 1048576K
Event: 6.013 GC heap after
Heap after GC invocations=9 (full 1):
 PSYoungGen      total 159744K, used 10910K [0x00000000e0000000, 0x00000000ee380000, 0x0000000100000000)
  eden space 146432K, 0% used [0x00000000e0000000,0x00000000e0000000,0x00000000e8f00000)
  from space 13312K, 81% used [0x00000000e9c80000,0x00000000ea727ab8,0x00000000ea980000)
  to   space 13824K, 0% used [0x00000000e8f00000,0x00000000e8f00000,0x00000000e9c80000)
 ParOldGen       total 62976K, used 10754K [0x00000000a0000000, 0x00000000a3d80000, 0x00000000e0000000)
  object space 62976K, 17% used [0x00000000a0000000,0x00000000a0a80840,0x00000000a3d80000)
 Metaspace       used 34696K, capacity 35406K, committed 35456K, reserved 1079296K
  class space    used 4776K, capacity 4990K, committed 4992K, reserved 1048576K
}
Event: 6.013 GC heap before
{Heap before GC invocations=10 (full 2):
 PSYoungGen      total 159744K, used 10910K [0x00000000e0000000, 0x00000000ee380000, 0x0000000100000000)
  eden space 146432K, 0% used [0x00000000e0000000,0x00000000e0000000,0x00000000e8f00000)
  from space 13312K, 81% used [0x00000000e9c80000,0x00000000ea727ab8,0x00000000ea980000)
  to   space 13824K, 0% used [0x00000000e8f00000,0x00000000e8f00000,0x00000000e9c80000)
 ParOldGen       total 62976K, used 10754K [0x00000000a0000000, 0x00000000a3d80000, 0x00000000e0000000)
  object space 62976K, 17% used [0x00000000a0000000,0x00000000a0a80840,0x00000000a3d80000)
 Metaspace       used 34696K, capacity 35406K, committed 35456K, reserved 1079296K
  class space    used 4776K, capacity 4990K, committed 4992K, reserved 1048576K
Event: 6.109 GC heap after
Heap after GC invocations=10 (full 2):
 PSYoungGen      total 159744K, used 0K [0x00000000e0000000, 0x00000000ee380000, 0x0000000100000000)
  eden space 146432K, 0% used [0x00000000e0000000,0x00000000e0000000,0x00000000e8f00000)
  from space 13312K, 0% used [0x00000000e9c80000,0x00000000e9c80000,0x00000000ea980000)
  to   space 13824K, 0% used [0x00000000e8f00000,0x00000000e8f00000,0x00000000e9c80000)
 ParOldGen       total 86528K, used 17546K [0x00000000a0000000, 0x00000000a5480000, 0x00000000e0000000)
  object space 86528K, 20% used [0x00000000a0000000,0x00000000a1122a80,0x00000000a5480000)
 Metaspace       used 34694K, capacity 35400K, committed 35456K, reserved 1079296K
  class space    used 4776K, capacity 4989K, committed 4992K, reserved 1048576K
}
Event: 8.261 GC heap before
{Heap before GC invocations=11 (full 2):
 PSYoungGen      total 159744K, used 146432K [0x00000000e0000000, 0x00000000ee380000, 0x0000000100000000)
  eden space 146432K, 100% used [0x00000000e0000000,0x00000000e8f00000,0x00000000e8f00000)
  from space 13312K, 0% used [0x00000000e9c80000,0x00000000e9c80000,0x00000000ea980000)
  to   space 13824K, 0% used [0x00000000e8f00000,0x00000000e8f00000,0x00000000e9c80000)
 ParOldGen       total 86528K, used 17546K [0x00000000a0000000, 0x00000000a5480000, 0x00000000e0000000)
  object space 86528K, 20% used [0x00000000a0000000,0x00000000a1122a80,0x00000000a5480000)
 Metaspace       used 48089K, capacity 49360K, committed 49664K, reserved 1091584K
  class space    used 6517K, capacity 6857K, committed 6912K, reserved 1048576K
Event: 8.290 GC heap after
Heap after GC invocations=11 (full 2):
 PSYoungGen      total 160256K, used 13806K [0x00000000e0000000, 0x00000000ee300000, 0x0000000100000000)
  eden space 146432K, 0% used [0x00000000e0000000,0x00000000e0000000,0x00000000e8f00000)
  from space 13824K, 99% used [0x00000000e8f00000,0x00000000e9c7ba00,0x00000000e9c80000)
  to   space 17408K, 0% used [0x00000000ed200000,0x00000000ed200000,0x00000000ee300000)
 ParOldGen       total 86528K, used 22160K [0x00000000a0000000, 0x00000000a5480000, 0x00000000e0000000)
  object space 86528K, 25% used [0x00000000a0000000,0x00000000a15a42c8,0x00000000a5480000)
 Metaspace       used 48089K, capacity 49360K, committed 49664K, reserved 1091584K
  class space    used 6517K, capacity 6857K, committed 6912K, reserved 1048576K
}
Event: 11.571 GC heap before
{Heap before GC invocations=12 (full 2):
 PSYoungGen      total 160256K, used 160238K [0x00000000e0000000, 0x00000000ee300000, 0x0000000100000000)
  eden space 146432K, 100% used [0x00000000e0000000,0x00000000e8f00000,0x00000000e8f00000)
  from space 13824K, 99% used [0x00000000e8f00000,0x00000000e9c7ba00,0x00000000e9c80000)
  to   space 17408K, 0% used [0x00000000ed200000,0x00000000ed200000,0x00000000ee300000)
 ParOldGen       total 86528K, used 22160K [0x00000000a0000000, 0x00000000a5480000, 0x00000000e0000000)
  object space 86528K, 25% used [0x00000000a0000000,0x00000000a15a42c8,0x00000000a5480000)
 Metaspace       used 57402K, capacity 58994K, committed 59096K, reserved 1099776K
  class space    used 7829K, capacity 8235K, committed 8320K, reserved 1048576K
Event: 11.646 GC heap after
Heap after GC invocations=12 (full 2):
 PSYoungGen      total 209920K, used 17381K [0x00000000e0000000, 0x00000000eeb00000, 0x0000000100000000)
  eden space 192512K, 0% used [0x00000000e0000000,0x00000000e0000000,0x00000000ebc00000)
  from space 17408K, 99% used [0x00000000ed200000,0x00000000ee2f97d0,0x00000000ee300000)
  to   space 22528K, 0% used [0x00000000ebc00000,0x00000000ebc00000,0x00000000ed200000)
 ParOldGen       total 86528K, used 29071K [0x00000000a0000000, 0x00000000a5480000, 0x00000000e0000000)
  object space 86528K, 33% used [0x00000000a0000000,0x00000000a1c63d18,0x00000000a5480000)
 Metaspace       used 57402K, capacity 58994K, committed 59096K, reserved 1099776K
  class space    used 7829K, capacity 8235K, committed 8320K, reserved 1048576K
}
Event: 11.672 GC heap before
{Heap before GC invocations=13 (full 2):
 PSYoungGen      total 209920K, used 21232K [0x00000000e0000000, 0x00000000eeb00000, 0x0000000100000000)
  eden space 192512K, 2% used [0x00000000e0000000,0x00000000e03c2a98,0x00000000ebc00000)
  from space 17408K, 99% used [0x00000000ed200000,0x00000000ee2f97d0,0x00000000ee300000)
  to   space 22528K, 0% used [0x00000000ebc00000,0x00000000ebc00000,0x00000000ed200000)
 ParOldGen       total 86528K, used 29071K [0x00000000a0000000, 0x00000000a5480000, 0x00000000e0000000)
  object space 86528K, 33% used [0x00000000a0000000,0x00000000a1c63d18,0x00000000a5480000)
 Metaspace       used 57430K, capacity 58994K, committed 59096K, reserved 1099776K
  class space    used 7831K, capacity 8235K, committed 8320K, reserved 1048576K

